【时间】2015-05-08 10:11:49:818
【补充信息】sql执行出错sql执行拦截select count(1) from tb_performance_collect20150508 where 1=1  参数
【地址】192.168.17.201
【原始信息】对象名 'tb_performance_collect20150508' 无效。
【参数】
【堆栈打印】   在 System.Data.SqlClient.SqlConnection.OnError(SqlException exception, Boolean breakConnection, Action`1 wrapCloseInAction)
   在 System.Data.SqlClient.SqlInternalConnection.OnError(SqlException exception, Boolean breakConnection, Action`1 wrapCloseInAction)
   在 System.Data.SqlClient.TdsParser.ThrowExceptionAndWarning(TdsParserStateObject stateObj, Boolean callerHasConnectionLock, Boolean asyncClose)
   在 System.Data.SqlClient.TdsParser.TryRun(RunBehavior runBehavior, SqlCommand cmdHandler, SqlDataReader dataStream, BulkCopySimpleResultSet bulkCopyHandler, TdsParserStateObject stateObj, Boolean& dataReady)
   在 System.Data.SqlClient.SqlDataReader.TryConsumeMetaData()
   在 System.Data.SqlClient.SqlDataReader.get_MetaData()
   在 System.Data.SqlClient.SqlCommand.FinishExecuteReader(SqlDataReader ds, RunBehavior runBehavior, String resetOptionsString)
   在 System.Data.SqlClient.SqlCommand.RunExecuteReaderTds(CommandBehavior cmdBehavior, RunBehavior runBehavior, Boolean returnStream, Boolean async, Int32 timeout, Task& task, Boolean asyncWrite, SqlDataReader ds)
   在 System.Data.SqlClient.SqlCommand.RunExecuteReader(CommandBehavior cmdBehavior, RunBehavior runBehavior, Boolean returnStream, String method, TaskCompletionSource`1 completion, Int32 timeout, Task& task, Boolean asyncWrite)
   在 System.Data.SqlClient.SqlCommand.RunExecuteReader(CommandBehavior cmdBehavior, RunBehavior runBehavior, Boolean returnStream, String method)
   在 System.Data.SqlClient.SqlCommand.ExecuteScalar()
   在 XXF.Db.DbConnSql.<>c__DisplayClass4.<ExecuteScalar>b__3() 位置 e:\服务中心\XXFramework\project\Xiaoxiao.Framework\Xiaoxiao.Framework\Db\DbConnSql.cs:行号 166
   在 XXF.Db.DbCatch.Catch[T](Boolean istimeWatch, String datasource, String sql, List`1 procedurePar, Func`1 action) 位置 e:\服务中心\XXFramework\project\Xiaoxiao.Framework\Xiaoxiao.Framework\Db\DbCatch.cs:行号 48
******************************************************************************************************************************************************
【时间】2015-05-08 10:13:20:060
【补充信息】sql执行出错sql执行拦截select count(1) from tb_error_log201504 where 1=1  and (remark like '%'+@keyword+'%' or projectname like '%'+@keyword+'%' or logtag like '%'+@keyword+'%' or msg like '%'+@keyword+'%' )  参数@keyword:ConfigCach;
【地址】192.168.17.201
【原始信息】对象名 'tb_error_log201504' 无效。
【参数】[keyword:ConfigCach][month:2015-04]
【堆栈打印】   在 System.Data.SqlClient.SqlConnection.OnError(SqlException exception, Boolean breakConnection, Action`1 wrapCloseInAction)
   在 System.Data.SqlClient.SqlInternalConnection.OnError(SqlException exception, Boolean breakConnection, Action`1 wrapCloseInAction)
   在 System.Data.SqlClient.TdsParser.ThrowExceptionAndWarning(TdsParserStateObject stateObj, Boolean callerHasConnectionLock, Boolean asyncClose)
   在 System.Data.SqlClient.TdsParser.TryRun(RunBehavior runBehavior, SqlCommand cmdHandler, SqlDataReader dataStream, BulkCopySimpleResultSet bulkCopyHandler, TdsParserStateObject stateObj, Boolean& dataReady)
   在 System.Data.SqlClient.SqlDataReader.TryConsumeMetaData()
   在 System.Data.SqlClient.SqlDataReader.get_MetaData()
   在 System.Data.SqlClient.SqlCommand.FinishExecuteReader(SqlDataReader ds, RunBehavior runBehavior, String resetOptionsString)
   在 System.Data.SqlClient.SqlCommand.RunExecuteReaderTds(CommandBehavior cmdBehavior, RunBehavior runBehavior, Boolean returnStream, Boolean async, Int32 timeout, Task& task, Boolean asyncWrite, SqlDataReader ds)
   在 System.Data.SqlClient.SqlCommand.RunExecuteReader(CommandBehavior cmdBehavior, RunBehavior runBehavior, Boolean returnStream, String method, TaskCompletionSource`1 completion, Int32 timeout, Task& task, Boolean asyncWrite)
   在 System.Data.SqlClient.SqlCommand.RunExecuteReader(CommandBehavior cmdBehavior, RunBehavior runBehavior, Boolean returnStream, String method)
   在 System.Data.SqlClient.SqlCommand.ExecuteScalar()
   在 XXF.Db.DbConnSql.<>c__DisplayClass4.<ExecuteScalar>b__3() 位置 e:\服务中心\XXFramework\project\Xiaoxiao.Framework\Xiaoxiao.Framework\Db\DbConnSql.cs:行号 166
   在 XXF.Db.DbCatch.Catch[T](Boolean istimeWatch, String datasource, String sql, List`1 procedurePar, Func`1 action) 位置 e:\服务中心\XXFramework\project\Xiaoxiao.Framework\Xiaoxiao.Framework\Db\DbCatch.cs:行号 48
******************************************************************************************************************************************************
【时间】2015-05-08 10:13:36:357
【补充信息】sql执行出错sql执行拦截select count(1) from tb_timewatchlog20150508 参数
【地址】192.168.17.201
【原始信息】对象名 'tb_timewatchlog20150508' 无效。
【参数】
【堆栈打印】   在 System.Data.SqlClient.SqlConnection.OnError(SqlException exception, Boolean breakConnection, Action`1 wrapCloseInAction)
   在 System.Data.SqlClient.SqlInternalConnection.OnError(SqlException exception, Boolean breakConnection, Action`1 wrapCloseInAction)
   在 System.Data.SqlClient.TdsParser.ThrowExceptionAndWarning(TdsParserStateObject stateObj, Boolean callerHasConnectionLock, Boolean asyncClose)
   在 System.Data.SqlClient.TdsParser.TryRun(RunBehavior runBehavior, SqlCommand cmdHandler, SqlDataReader dataStream, BulkCopySimpleResultSet bulkCopyHandler, TdsParserStateObject stateObj, Boolean& dataReady)
   在 System.Data.SqlClient.SqlDataReader.TryConsumeMetaData()
   在 System.Data.SqlClient.SqlDataReader.get_MetaData()
   在 System.Data.SqlClient.SqlCommand.FinishExecuteReader(SqlDataReader ds, RunBehavior runBehavior, String resetOptionsString)
   在 System.Data.SqlClient.SqlCommand.RunExecuteReaderTds(CommandBehavior cmdBehavior, RunBehavior runBehavior, Boolean returnStream, Boolean async, Int32 timeout, Task& task, Boolean asyncWrite, SqlDataReader ds)
   在 System.Data.SqlClient.SqlCommand.RunExecuteReader(CommandBehavior cmdBehavior, RunBehavior runBehavior, Boolean returnStream, String method, TaskCompletionSource`1 completion, Int32 timeout, Task& task, Boolean asyncWrite)
   在 System.Data.SqlClient.SqlCommand.RunExecuteReader(CommandBehavior cmdBehavior, RunBehavior runBehavior, Boolean returnStream, String method)
   在 System.Data.SqlClient.SqlCommand.ExecuteScalar()
   在 XXF.Db.DbConnSql.<>c__DisplayClass4.<ExecuteScalar>b__3() 位置 e:\服务中心\XXFramework\project\Xiaoxiao.Framework\Xiaoxiao.Framework\Db\DbConnSql.cs:行号 166
   在 XXF.Db.DbCatch.Catch[T](Boolean istimeWatch, String datasource, String sql, List`1 procedurePar, Func`1 action) 位置 e:\服务中心\XXFramework\project\Xiaoxiao.Framework\Xiaoxiao.Framework\Db\DbCatch.cs:行号 48
******************************************************************************************************************************************************
